# JRE version: OpenJDK Runtime Environment (8.0_112-b06) (build 1.8.0_112-release-b06)
# Java VM: OpenJDK 64-Bit Server VM (25.112-b06 mixed mode windows-amd64 compressed oops)
Heap:
 PSYoungGen      total 270336K, used 40067K [0x00000000e0000000, 0x00000000f3300000, 0x0000000100000000)
  eden space 235008K, 12% used [0x00000000e0000000,0x00000000e1dca548,0x00000000ee580000)
  from space 35328K, 27% used [0x00000000ee580000,0x00000000eeed6ab0,0x00000000f0800000)
  to   space 33280K, 0% used [0x00000000f0800000,0x00000000f0800000,0x00000000f2880000)
 ParOldGen       total 121344K, used 100164K [0x00000000a0000000, 0x00000000a7680000, 0x00000000e0000000)
  object space 121344K, 82% used [0x00000000a0000000,0x00000000a61d1178,0x00000000a7680000)
 Metaspace       used 89135K, capacity 93788K, committed 93912K, reserved 1130496K
  class space    used 11365K, capacity 12227K, committed 12288K, reserved 1048576K
GC Heap History (10 events):
Event: 2324.024 GC heap before
{Heap before GC invocations=28 (full 3):
 PSYoungGen      total 226304K, used 204149K [0x00000000e0000000, 0x00000000f3380000, 0x0000000100000000)
  eden space 194560K, 100% used [0x00000000e0000000,0x00000000ebe00000,0x00000000ebe00000)
  from space 31744K, 30% used [0x00000000edc00000,0x00000000ee55d478,0x00000000efb00000)
  to   space 30720K, 0% used [0x00000000ebe00000,0x00000000ebe00000,0x00000000edc00000)
 ParOldGen       total 121344K, used 54556K [0x00000000a0000000, 0x00000000a7680000, 0x00000000e0000000)
  object space 121344K, 44% used [0x00000000a0000000,0x00000000a35471c0,0x00000000a7680000)
 Metaspace       used 88433K, capacity 93086K, committed 93400K, reserved 1130496K
  class space    used 11331K, capacity 12186K, committed 12288K, reserved 1048576K
Event: 2324.076 GC heap after
Heap after GC invocations=28 (full 3):
 PSYoungGen      total 225280K, used 24710K [0x00000000e0000000, 0x00000000f2880000, 0x0000000100000000)
  eden space 194560K, 0% used [0x00000000e0000000,0x00000000e0000000,0x00000000ebe00000)
  from space 30720K, 80% used [0x00000000ebe00000,0x00000000ed621a98,0x00000000edc00000)
  to   space 33280K, 0% used [0x00000000f0800000,0x00000000f0800000,0x00000000f2880000)
 ParOldGen       total 121344K, used 63912K [0x00000000a0000000, 0x00000000a7680000, 0x00000000e0000000)
  object space 121344K, 52% used [0x00000000a0000000,0x00000000a3e6a2e0,0x00000000a7680000)
 Metaspace       used 88433K, capacity 93086K, committed 93400K, reserved 1130496K
  class space    used 11331K, capacity 12186K, committed 12288K, reserved 1048576K
}
Event: 2325.368 GC heap before
{Heap before GC invocations=29 (full 3):
 PSYoungGen      total 225280K, used 219270K [0x00000000e0000000, 0x00000000f2880000, 0x0000000100000000)
  eden space 194560K, 100% used [0x00000000e0000000,0x00000000ebe00000,0x00000000ebe00000)
  from space 30720K, 80% used [0x00000000ebe00000,0x00000000ed621a98,0x00000000edc00000)
  to   space 33280K, 0% used [0x00000000f0800000,0x00000000f0800000,0x00000000f2880000)
 ParOldGen       total 121344K, used 63912K [0x00000000a0000000, 0x00000000a7680000, 0x00000000e0000000)
  object space 121344K, 52% used [0x00000000a0000000,0x00000000a3e6a2e0,0x00000000a7680000)
 Metaspace       used 88679K, capacity 93342K, committed 93656K, reserved 1130496K
  class space    used 11336K, capacity 12186K, committed 12288K, reserved 1048576K
Event: 2325.460 GC heap after
Heap after GC invocations=29 (full 3):
 PSYoungGen      total 268288K, used 25662K [0x00000000e0000000, 0x00000000f3300000, 0x0000000100000000)
  eden space 235008K, 0% used [0x00000000e0000000,0x00000000e0000000,0x00000000ee580000)
  from space 33280K, 77% used [0x00000000f0800000,0x00000000f210fac8,0x00000000f2880000)
  to   space 35328K, 0% used [0x00000000ee580000,0x00000000ee580000,0x00000000f0800000)
 ParOldGen       total 121344K, used 80096K [0x00000000a0000000, 0x00000000a7680000, 0x00000000e0000000)
  object space 121344K, 66% used [0x00000000a0000000,0x00000000a4e382a8,0x00000000a7680000)
 Metaspace       used 88679K, capacity 93342K, committed 93656K, reserved 1130496K
  class space    used 11336K, capacity 12186K, committed 12288K, reserved 1048576K
}
Event: 2329.077 GC heap before
{Heap before GC invocations=30 (full 3):
 PSYoungGen      total 268288K, used 260670K [0x00000000e0000000, 0x00000000f3300000, 0x0000000100000000)
  eden space 235008K, 100% used [0x00000000e0000000,0x00000000ee580000,0x00000000ee580000)
  from space 33280K, 77% used [0x00000000f0800000,0x00000000f210fac8,0x00000000f2880000)
  to   space 35328K, 0% used [0x00000000ee580000,0x00000000ee580000,0x00000000f0800000)
 ParOldGen       total 121344K, used 80096K [0x00000000a0000000, 0x00000000a7680000, 0x00000000e0000000)
  object space 121344K, 66% used [0x00000000a0000000,0x00000000a4e382a8,0x00000000a7680000)
 Metaspace       used 88932K, capacity 93662K, committed 93912K, reserved 1130496K
  class space    used 11341K, capacity 12186K, committed 12288K, reserved 1048576K
Event: 2329.125 GC heap after
Heap after GC invocations=30 (full 3):
 PSYoungGen      total 270336K, used 8162K [0x00000000e0000000, 0x00000000f3300000, 0x0000000100000000)
  eden space 235008K, 0% used [0x00000000e0000000,0x00000000e0000000,0x00000000ee580000)
  from space 35328K, 23% used [0x00000000ee580000,0x00000000eed78880,0x00000000f0800000)
  to   space 33280K, 0% used [0x00000000f0800000,0x00000000f0800000,0x00000000f2880000)
 ParOldGen       total 121344K, used 91195K [0x00000000a0000000, 0x00000000a7680000, 0x00000000e0000000)
  object space 121344K, 75% used [0x00000000a0000000,0x00000000a590ee68,0x00000000a7680000)
 Metaspace       used 88932K, capacity 93662K, committed 93912K, reserved 1130496K
  class space    used 11341K, capacity 12186K, committed 12288K, reserved 1048576K
}
Event: 2331.038 GC heap before
{Heap before GC invocations=31 (full 3):
 PSYoungGen      total 270336K, used 243170K [0x00000000e0000000, 0x00000000f3300000, 0x0000000100000000)
  eden space 235008K, 100% used [0x00000000e0000000,0x00000000ee580000,0x00000000ee580000)
  from space 35328K, 23% used [0x00000000ee580000,0x00000000eed78880,0x00000000f0800000)
  to   space 33280K, 0% used [0x00000000f0800000,0x00000000f0800000,0x00000000f2880000)
 ParOldGen       total 121344K, used 91195K [0x00000000a0000000, 0x00000000a7680000, 0x00000000e0000000)
  object space 121344K, 75% used [0x00000000a0000000,0x00000000a590ee68,0x00000000a7680000)
 Metaspace       used 88961K, capacity 93662K, committed 93912K, reserved 1130496K
  class space    used 11341K, capacity 12186K, committed 12288K, reserved 1048576K
Event: 2331.143 GC heap after
Heap after GC invocations=31 (full 3):
 PSYoungGen      total 268288K, used 30061K [0x00000000e0000000, 0x00000000f3300000, 0x0000000100000000)
  eden space 235008K, 0% used [0x00000000e0000000,0x00000000e0000000,0x00000000ee580000)
  from space 33280K, 90% used [0x00000000f0800000,0x00000000f255b688,0x00000000f2880000)
  to   space 35328K, 0% used [0x00000000ee580000,0x00000000ee580000,0x00000000f0800000)
 ParOldGen       total 121344K, used 97536K [0x00000000a0000000, 0x00000000a7680000, 0x00000000e0000000)
  object space 121344K, 80% used [0x00000000a0000000,0x00000000a5f40278,0x00000000a7680000)
 Metaspace       used 88961K, capacity 93662K, committed 93912K, reserved 1130496K
  class space    used 11341K, capacity 12186K, committed 12288K, reserved 1048576K
}
Event: 2339.362 GC heap before
{Heap before GC invocations=32 (full 3):
 PSYoungGen      total 268288K, used 265013K [0x00000000e0000000, 0x00000000f3300000, 0x0000000100000000)
  eden space 235008K, 99% used [0x00000000e0000000,0x00000000ee571fc8,0x00000000ee580000)
  from space 33280K, 90% used [0x00000000f0800000,0x00000000f255b688,0x00000000f2880000)
  to   space 35328K, 0% used [0x00000000ee580000,0x00000000ee580000,0x00000000f0800000)
 ParOldGen       total 121344K, used 97536K [0x00000000a0000000, 0x00000000a7680000, 0x00000000e0000000)
  object space 121344K, 80% used [0x00000000a0000000,0x00000000a5f40278,0x00000000a7680000)
 Metaspace       used 89126K, capacity 93782K, committed 93912K, reserved 1130496K
  class space    used 11363K, capacity 12226K, committed 12288K, reserved 1048576K
Event: 2339.382 GC heap after
Heap after GC invocations=32 (full 3):
 PSYoungGen      total 270336K, used 9562K [0x00000000e0000000, 0x00000000f3300000, 0x0000000100000000)
  eden space 235008K, 0% used [0x00000000e0000000,0x00000000e0000000,0x00000000ee580000)
  from space 35328K, 27% used [0x00000000ee580000,0x00000000eeed6ab0,0x00000000f0800000)
  to   space 33280K, 0% used [0x00000000f0800000,0x00000000f0800000,0x00000000f2880000)
 ParOldGen       total 121344K, used 100164K [0x00000000a0000000, 0x00000000a7680000, 0x00000000e0000000)
  object space 121344K, 82% used [0x00000000a0000000,0x00000000a61d1178,0x00000000a7680000)
 Metaspace       used 89126K, capacity 93782K, committed 93912K, reserved 1130496K
  class space    used 11363K, capacity 12226K, committed 12288K, reserved 1048576K
}

